{"synthetic": false,
 "schemaVersion": "2025-09-10",
 "outputs":
 {"o": ["30daa79cd02c0c75.olean"],
  "i": "5439fc17d672fbd6.ilean",
  "c": "de999ec66d3d0579.c"},
 "log":
 [{"message":
   ".> LEAN_PATH=/home/wyatt/dev/src/github.com/WyattAu/suture/.specs/02_architecture/proofs/.lake/packages/Cli/.lake/build/lib/lean:/home/wyatt/dev/src/github.com/WyattAu/suture/.specs/02_architecture/proofs/.lake/packages/batteries/.lake/build/lib/lean:/home/wyatt/dev/src/github.com/WyattAu/suture/.specs/02_architecture/proofs/.lake/packages/Qq/.lake/build/lib/lean:/home/wyatt/dev/src/github.com/WyattAu/suture/.specs/02_architecture/proofs/.lake/packages/aesop/.lake/build/lib/lean:/home/wyatt/dev/src/github.com/WyattAu/suture/.specs/02_architecture/proofs/.lake/packages/proofwidgets/.lake/build/lib/lean:/home/wyatt/dev/src/github.com/WyattAu/suture/.specs/02_architecture/proofs/.lake/packages/importGraph/.lake/build/lib/lean:/home/wyatt/dev/src/github.com/WyattAu/suture/.specs/02_architecture/proofs/.lake/packages/LeanSearchClient/.lake/build/lib/lean:/home/wyatt/dev/src/github.com/WyattAu/suture/.specs/02_architecture/proofs/.lake/packages/plausible/.lake/build/lib/lean:/home/wyatt/dev/src/github.com/WyattAu/suture/.specs/02_architecture/proofs/.lake/packages/mathlib/.lake/build/lib/lean:/home/wyatt/dev/src/github.com/WyattAu/suture/.specs/02_architecture/proofs/.lake/build/lib/lean /home/wyatt/.elan/toolchains/leanprover--lean4---v4.29.0/bin/lean /home/wyatt/dev/src/github.com/WyattAu/suture/.specs/02_architecture/proofs/SutureProofs.lean -o /home/wyatt/dev/src/github.com/WyattAu/suture/.specs/02_architecture/proofs/.lake/build/lib/lean/SutureProofs.olean -i /home/wyatt/dev/src/github.com/WyattAu/suture/.specs/02_architecture/proofs/.lake/build/lib/lean/SutureProofs.ilean -c /home/wyatt/dev/src/github.com/WyattAu/suture/.specs/02_architecture/proofs/.lake/build/ir/SutureProofs.c --setup /home/wyatt/dev/src/github.com/WyattAu/suture/.specs/02_architecture/proofs/.lake/build/ir/SutureProofs.setup.json --json",
   "level": "trace"}],
 "inputs":
 [["SutureProofs:deps",
   [["deps",
     [["«suture-proofs»/SutureProofs:extraDep",
       [["@«suture-proofs»:extraDep", "00000000000006bb"]]],
      ["imports",
       [["SutureProofs.Foundations transitive imports (legacy)",
         "38734e9a6c2d9037"],
        ["SutureProofs.Foundations:importAllArts", "34b8657bea793eed"],
        ["SutureProofs.Commutativity transitive imports (legacy)",
         "0520e8be3cc2571a"],
        ["SutureProofs.Commutativity:importAllArts", "416b8b0c764a66b4"],
        ["SutureProofs.Composition transitive imports (legacy)",
         "8c7ec91e0dbc35fd"],
        ["SutureProofs.Composition:importAllArts", "93b4ba86feb338c2"],
        ["SutureProofs.Merge transitive imports (legacy)", "0520e8be3cc2571a"],
        ["SutureProofs.Merge:importAllArts", "d70841a7ac642dab"],
        ["SutureProofs.Conflict transitive imports (legacy)",
         "8c7ec91e0dbc35fd"],
        ["SutureProofs.Conflict:importAllArts", "acd37e48cceee0e2"],
        ["SutureProofs.DAG transitive imports (legacy)", "0520e8be3cc2571a"],
        ["SutureProofs.DAG:importAllArts", "64418eb7a85da697"],
        ["SutureProofs.CAS transitive imports (legacy)", "9ea2a0f28340af7e"],
        ["SutureProofs.CAS:importAllArts", "000f7128eabab273"]]]]],
    ["libs",
     [["import dynlibs", "00000000000006bb"],
      ["package external libraries", "00000000000006bb"],
      ["module dynlibs", "00000000000006bb"],
      ["module plugins", "00000000000006bb"]]]]],
  ["Lean 4.29.0, commit 98dc76e3c0a9b856c9b98726b713fb04fab16740",
   "60bb08ef22408c8a"],
  ["/home/wyatt/dev/src/github.com/WyattAu/suture/.specs/02_architecture/proofs/SutureProofs.lean",
   "d53e3d7f9fb7e2e7"],
  ["options", [["-DautoImplicit=false", "4a85acb881fd49d0"]]],
  ["isModule: false", "feefd2a0d3a1847e"],
  ["Module.name: SutureProofs", "bbe2b9f28db044ed"],
  ["Package.id?: (some suture-proofs)", "a7edcbb518c46e16"],
  ["Module.leanArgs: #[]", "00000000000006bb"]],
 "depHash": "971359f2d2955be3"}