{"synthetic": false,
 "schemaVersion": "2025-09-10",
 "outputs":
 {"o": ["6a8bdec02f9fcb6e.olean"],
  "i": "01741d8a221e9917.ilean",
  "c": "f359244d025c9641.c"},
 "log":
 [{"message":
   ".> LEAN_PATH=/home/wyatt/dev/src/github.com/WyattAu/suture/.specs/02_architecture/proofs/.lake/packages/Cli/.lake/build/lib/lean:/home/wyatt/dev/src/github.com/WyattAu/suture/.specs/02_architecture/proofs/.lake/packages/batteries/.lake/build/lib/lean:/home/wyatt/dev/src/github.com/WyattAu/suture/.specs/02_architecture/proofs/.lake/packages/Qq/.lake/build/lib/lean:/home/wyatt/dev/src/github.com/WyattAu/suture/.specs/02_architecture/proofs/.lake/packages/aesop/.lake/build/lib/lean:/home/wyatt/dev/src/github.com/WyattAu/suture/.specs/02_architecture/proofs/.lake/packages/proofwidgets/.lake/build/lib/lean:/home/wyatt/dev/src/github.com/WyattAu/suture/.specs/02_architecture/proofs/.lake/packages/importGraph/.lake/build/lib/lean:/home/wyatt/dev/src/github.com/WyattAu/suture/.specs/02_architecture/proofs/.lake/packages/LeanSearchClient/.lake/build/lib/lean:/home/wyatt/dev/src/github.com/WyattAu/suture/.specs/02_architecture/proofs/.lake/packages/plausible/.lake/build/lib/lean:/home/wyatt/dev/src/github.com/WyattAu/suture/.specs/02_architecture/proofs/.lake/packages/mathlib/.lake/build/lib/lean:/home/wyatt/dev/src/github.com/WyattAu/suture/.specs/02_architecture/proofs/.lake/build/lib/lean /home/wyatt/.elan/toolchains/leanprover--lean4---v4.29.0/bin/lean /home/wyatt/dev/src/github.com/WyattAu/suture/.specs/02_architecture/proofs/SutureProofs/Foundations.lean -o /home/wyatt/dev/src/github.com/WyattAu/suture/.specs/02_architecture/proofs/.lake/build/lib/lean/SutureProofs/Foundations.olean -i /home/wyatt/dev/src/github.com/WyattAu/suture/.specs/02_architecture/proofs/.lake/build/lib/lean/SutureProofs/Foundations.ilean -c /home/wyatt/dev/src/github.com/WyattAu/suture/.specs/02_architecture/proofs/.lake/build/ir/SutureProofs/Foundations.c --setup /home/wyatt/dev/src/github.com/WyattAu/suture/.specs/02_architecture/proofs/.lake/build/ir/SutureProofs/Foundations.setup.json --json",
   "level": "trace"}],
 "inputs":
 [["SutureProofs.Foundations:deps",
   [["deps",
     [["«suture-proofs»/SutureProofs:extraDep",
       [["@«suture-proofs»:extraDep", "00000000000006bb"]]],
      ["imports",
       [["Mathlib.Data.Finset.Basic transitive imports (legacy)",
         "0c1acbba3d03a399"],
        ["Mathlib.Data.Finset.Basic:importAllArts", "5471e419b721ddee"]]]]],
    ["libs",
     [["import dynlibs", "00000000000006bb"],
      ["package external libraries", "00000000000006bb"],
      ["module dynlibs", "00000000000006bb"],
      ["module plugins", "00000000000006bb"]]]]],
  ["Lean 4.29.0, commit 98dc76e3c0a9b856c9b98726b713fb04fab16740",
   "60bb08ef22408c8a"],
  ["/home/wyatt/dev/src/github.com/WyattAu/suture/.specs/02_architecture/proofs/SutureProofs/Foundations.lean",
   "2304512c8c1c3e89"],
  ["options", [["-DautoImplicit=false", "4a85acb881fd49d0"]]],
  ["isModule: false", "feefd2a0d3a1847e"],
  ["Module.name: SutureProofs.Foundations", "149a7e90f95e1df7"],
  ["Package.id?: (some suture-proofs)", "a7edcbb518c46e16"],
  ["Module.leanArgs: #[]", "00000000000006bb"]],
 "depHash": "6258fa67b868d091"}